<?xml version="1.0" encoding="UTF-8"?>
<testsuite xmlns:xsi="http://www.w3.org/2001/XMLSchema-instance" xsi:noNamespaceSchemaLocation="https://maven.apache.org/surefire/maven-failsafe-plugin/xsd/failsafe-test-report-3.0.xsd" version="3.0" name="Looking up post codes" time="7.081" tests="3" errors="0" skipped="0" failures="0">
  <properties>
[...]
</properties>
  <testcase name="Looking up US locations by post code #1" classname="Looking up post codes" time="3.946">
    <system-out><![CDATA[14:14:41.817 [pool-2-thread-1] INFO  i.c.core.plugin.SerenityReporter - Running feature from classpath:features/postcodes/looking_up_post_codes.feature

14:14:42.031 [pool-2-thread-1] INFO   - 

-------------------------------------------------------------------------------------
     _______. _______ .______       _______ .__   __.  __  .___________.____    ____ 
    /       ||   ____||   _  \     |   ____||  \ |  | |  | |           |\   \  /   / 
   |   (----`|  |__   |  |_)  |    |  |__   |   \|  | |  | `---|  |----` \   \/   /  
    \   \    |   __|  |      /     |   __|  |  . `  | |  |     |  |       \_    _/   
.----)   |   |  |____ |  |\  \----.|  |____ |  |\   | |  |     |  |         |  |     
|_______/    |_______|| _| `._____||_______||__| \__| |__|     |__|         |__|    
                                                                                     
 News and tutorials at http://www.serenity-bdd.info                                  
 Documentation at https://wakaleo.gitbooks.io/the-serenity-book/content/             
 Join the Serenity Community on Gitter: https://gitter.im/serenity-bdd/serenity-core 
 Serenity BDD Support and Training at http://serenity-bdd.info/#/trainingandsupport  
-------------------------------------------------------------------------------------


14:14:42.034 [pool-2-thread-1] INFO   - Test Suite Started: Looking up post codes



3
 Scenarios (
&amp#27;[32m3 passed&amp#27;[0m
)


6
 Steps (
&amp#27;[32m6 passed&amp#27;[0m
)


0m
7.326s






14:14:50.301 [pool-2-thread-1] INFO  i.c.core.plugin.SerenityReporter - Cleanup test resources for URI classpath:features/postcodes/looking_up_post_codes.feature


Scenario Outline: Looking up US locations by post code                 &amp#27;[90m# features/postcodes/looking_up_post_codes.feature:8&amp#27;[0m
14:14:42.172 [pool-2-thread-1] INFO  i.c.core.plugin.SerenityReporter - Running feature from classpath:features/postcodes/looking_up_post_codes.feature
14:14:42.271 [pool-2-thread-1] INFO   - 
  _____   ___   ___   _____     ___   _____     _     ___   _____   ___   ___  
 |_   _| | __| / __| |_   _|   / __| |_   _|   /_\   | _ \ |_   _| | __| |   \ 
   | |   | _|  \__ \   | |     \__ \   | |    / _ \  |   /   | |   | _|  | |) |
   |_|   |___| |___/   |_|     |___/   |_|   /_/ \_\ |_|_\   |_|   |___| |___/ 

Looking up US locations by post code(looking-up-post-codes;looking-up-us-locations-by-post-code)
--------------------------------------------------------------------------------
  &amp#27;[32mWhen &amp#27;[0m&amp#27;[32mI look up a post code &amp#27;[0m&amp#27;[32m&amp#27;[1m10000&amp#27;[0m&amp#27;[32m for country code &amp#27;[0m&amp#27;[32m&amp#27;[1mUS&amp#27;[0m                 &amp#27;[90m# starter.postcodes.PostCodeStepDefinitions.lookUpAPostCode(java.lang.String,java.lang.String)&amp#27;[0m
  &amp#27;[32mThen &amp#27;[0m&amp#27;[32mthe resulting location should be &amp#27;[0m&amp#27;[32m&amp#27;[1mNew York City&amp#27;[0m&amp#27;[32m in &amp#27;[0m&amp#27;[32m&amp#27;[1mUnited States&amp#27;[0m &amp#27;[90m# starter.postcodes.PostCodeStepDefinitions.theResultingLocationShouldBe(java.lang.String,java.lang.String)&amp#27;[0m
14:14:45.997 [pool-2-thread-1] INFO   - 
  _____   ___   ___   _____     ___     _     ___   ___   ___   ___  
 |_   _| | __| / __| |_   _|   | _ \   /_\   / __| / __| | __| |   \ 
   | |   | _|  \__ \   | |     |  _/  / _ \  \__ \ \__ \ | _|  | |) |
   |_|   |___| |___/   |_|     |_|   /_/ \_\ |___/ |___/ |___| |___/ 

Looking up US locations by post code
----------------------------------------------------------------------
]]></system-out>
  </testcase>
  <testcase name="Looking up US locations by post code #2" classname="Looking up post codes" time="1.048">
    <system-out><![CDATA[
Scenario Outline: Looking up US locations by post code                 &amp#27;[90m# features/postcodes/looking_up_post_codes.feature:9&amp#27;[0m
14:14:46.003 [pool-2-thread-1] INFO  i.c.core.plugin.SerenityReporter - Running feature from classpath:features/postcodes/looking_up_post_codes.feature
  &amp#27;[32mWhen &amp#27;[0m&amp#27;[32mI look up a post code &amp#27;[0m&amp#27;[32m&amp#27;[1m90210&amp#27;[0m&amp#27;[32m for country code &amp#27;[0m&amp#27;[32m&amp#27;[1mUS&amp#27;[0m                 &amp#27;[90m# starter.postcodes.PostCodeStepDefinitions.lookUpAPostCode(java.lang.String,java.lang.String)&amp#27;[0m
  &amp#27;[32mThen &amp#27;[0m&amp#27;[32mthe resulting location should be &amp#27;[0m&amp#27;[32m&amp#27;[1mBeverly Hills&amp#27;[0m&amp#27;[32m in &amp#27;[0m&amp#27;[32m&amp#27;[1mUnited States&amp#27;[0m &amp#27;[90m# starter.postcodes.PostCodeStepDefinitions.theResultingLocationShouldBe(java.lang.String,java.lang.String)&amp#27;[0m
14:14:47.048 [pool-2-thread-1] INFO   - 
  _____   ___   ___   _____     ___     _     ___   ___   ___   ___  
 |_   _| | __| / __| |_   _|   | _ \   /_\   / __| / __| | __| |   \ 
   | |   | _|  \__ \   | |     |  _/  / _ \  \__ \ \__ \ | _|  | |) |
   |_|   |___| |___/   |_|     |_|   /_/ \_\ |___/ |___/ |___| |___/ 

Looking up US locations by post code
----------------------------------------------------------------------
]]></system-out>
  </testcase>
  <testcase name="Looking up US locations by post code #3" classname="Looking up post codes" time="2.087">
    <system-out><![CDATA[
Scenario Outline: Looking up US locations by post code         &amp#27;[90m# features/postcodes/looking_up_post_codes.feature:10&amp#27;[0m
14:14:47.051 [pool-2-thread-1] INFO  i.c.core.plugin.SerenityReporter - Running feature from classpath:features/postcodes/looking_up_post_codes.feature
  &amp#27;[32mWhen &amp#27;[0m&amp#27;[32mI look up a post code &amp#27;[0m&amp#27;[32m&amp#27;[1m13001&amp#27;[0m&amp#27;[32m for country code &amp#27;[0m&amp#27;[32m&amp#27;[1mFR&amp#27;[0m         &amp#27;[90m# starter.postcodes.PostCodeStepDefinitions.lookUpAPostCode(java.lang.String,java.lang.String)&amp#27;[0m
  &amp#27;[32mThen &amp#27;[0m&amp#27;[32mthe resulting location should be &amp#27;[0m&amp#27;[32m&amp#27;[1mMarseille 01&amp#27;[0m&amp#27;[32m in &amp#27;[0m&amp#27;[32m&amp#27;[1mFrance&amp#27;[0m &amp#27;[90m# starter.postcodes.PostCodeStepDefinitions.theResultingLocationShouldBe(java.lang.String,java.lang.String)&amp#27;[0m
]]></system-out>
  </testcase>
</testsuite>