<?xml version="1.0" encoding="UTF-8"?><testsuite errors="3" failures="0" name="Looking up post codes" skipped="0" tests="3" time="4.38" timestamp="2022-02-04 09:07:07"><testcase name="Looking up US locations by post code"><error message="Cannot invoke method startsWith() on null object" type="java.lang.NullPointerException">Cannot invoke method startsWith() on null object</error><system-err>Cannot invoke method startsWith() on null object
io.restassured.internal.path.json.JSONAssertion.getAsJsonObject(JSONAssertion.groovy:53)
io.restassured.internal.path.json.JSONAssertion.getResult(JSONAssertion.groovy:28)
io.restassured.assertion.BodyMatcher.validate(BodyMatcher.groovy:94)
groovy.lang.MetaMethod.doMethodInvoke(MetaMethod.java:323)
groovy.lang.MetaClassImpl.invokeMethod(MetaClassImpl.java:1034)
groovy.lang.Closure.call(Closure.java:412)
groovy.lang.Closure.call(Closure.java:428)
io.restassured.assertion.BodyMatcherGroup.validate(BodyMatcherGroup.groovy:47)
io.restassured.internal.ResponseSpecificationImpl.validateResponseIfRequired(ResponseSpecificationImpl.groovy:674)
io.restassured.internal.ResponseSpecificationImpl.body(ResponseSpecificationImpl.groovy:261)
io.restassured.internal.ResponseSpecificationImpl.body(ResponseSpecificationImpl.groovy:108)
io.restassured.internal.ValidatableResponseOptionsImpl.body(ValidatableResponseOptionsImpl.java:244)
io.restassured.internal.ValidatableResponseImpl.super$2$body(ValidatableResponseImpl.groovy)
groovy.lang.MetaMethod.doMethodInvoke(MetaMethod.java:323)
groovy.lang.MetaClassImpl.invokeMethod(MetaClassImpl.java:1267)
io.restassured.internal.ValidatableResponseImpl.body(ValidatableResponseImpl.groovy:298)
io.restassured.internal.ValidatableResponseImpl.body(ValidatableResponseImpl.groovy)
starter.postcodes.PostCodeStepDefinitions.lambda$theResultingLocationShouldBe$1(PostCodeStepDefinitions.java:25)
net.serenitybdd.rest.SerenityRest.restAssuredThat(SerenityRest.java:626)
starter.postcodes.PostCodeStepDefinitions.theResultingLocationShouldBe(PostCodeStepDefinitions.java:25)
✽.the resulting location should be New York City in United States(classpath:features/clima/looking_up_post_codes.feature:5)
</system-err></testcase></testsuite>